<?xml version="1.0" encoding="UTF-8"?>
<robot generator="Robot 3.0.4 (Python 3.6.5 on win32)" generated="20180510 17:15:04.468">
<suite id="s1" name="Test" source="C:\test\uyun\test.robot">
<test id="s1-t1" name="First test case">
<kw name="Log To Console" library="BuiltIn">
<doc>Logs the given message to the console.</doc>
<arguments>
<arg>我是第一个case</arg>
</arguments>
<status status="PASS" starttime="20180510 17:15:04.513" endtime="20180510 17:15:04.514"></status>
</kw>
<status status="PASS" starttime="20180510 17:15:04.512" endtime="20180510 17:15:04.514" critical="yes"></status>
</test>
<test id="s1-t2" name="&gt;Second test case">
<kw name="Log To Console" library="BuiltIn">
<doc>Logs the given message to the console.</doc>
<arguments>
<arg>我是第二个case</arg>
</arguments>
<status status="PASS" starttime="20180510 17:15:04.514" endtime="20180510 17:15:04.515"></status>
</kw>
<status status="PASS" starttime="20180510 17:15:04.514" endtime="20180510 17:15:04.515" critical="yes"></status>
</test>
<status status="PASS" starttime="20180510 17:15:04.481" endtime="20180510 17:15:04.515"></status>
</suite>
<statistics>
<total>
<stat pass="2" fail="0">Critical Tests</stat>
<stat pass="2" fail="0">All Tests</stat>
</total>
<tag>
</tag>
<suite>
<stat pass="2" fail="0" id="s1" name="Test">Test</stat>
</suite>
</statistics>
<errors>
</errors>
</robot>
